[2017-04-10 16:14:02]   2016210111   t1   ans1   Yes
[2017-04-10 16:14:15]   2016210111   t2   ans2   Yes
[2017-04-10 16:14:28]   2016210111   t3   ans3   Yes
[2017-04-10 16:14:58]   2016210111   t3   ans3   Yes
[2017-04-10 16:15:06]   2016210111   t4   ans4   Yes
[2017-04-10 16:15:14]   2016210111   t77   fat   No
[2017-04-10 16:18:36]   2016210111   t1   ans1   Yes
[2017-04-10 16:18:40]   2016210111   t1   ans1   Yes
[2017-04-10 16:18:41]   2016210111   t1   ans1   Yes
[2017-04-10 16:18:47]   2016210112   t1   ans1   Yes
[2017-04-10 16:21:26]   2016210112   t1   ans1   Yes
[2017-04-10 16:21:28]   2016210112   t1   ans1   Yes
[2017-04-10 16:22:11]   2016210122   t1   ans1   Yes
[2017-04-10 16:22:33]   2016210121   t1   ans1   Yes
[2017-04-10 16:23:11]   2016210121   t1   ans1   Yes
[2017-04-10 16:23:18]   2016210111   t1   ans1   Yes
[2017-04-10 16:28:33]   2016210111   t6   你好   Yes
[2017-04-10 16:28:42]   2016210132   t6   你好   Yes
[2017-04-10 16:49:27]   2016210132   y1   南泥湾   Yes
[2017-04-10 16:49:31]   2016210132   y1   南泥湾   Yes
[2017-04-10 16:49:35]   2016210133   y1   南泥湾   Yes
[2017-04-10 16:53:02]   2016210133   123   213   No
[2017-04-11 04:58:49]   2016211111   t1   ans1   Yes
[2017-04-11 04:58:52]   2016211111   t1   ans1   Yes
[2017-04-11 04:58:52]   2016211111   t1   ans1   Yes
[2017-04-11 05:43:15]   2016281737   t2   ans2   Yes
[2017-04-11 05:43:16]   2016281737   t2   ans2   Yes
[2017-04-11 05:43:18]   2016281737   t2   ans2   Yes
[2017-04-11 05:43:18]   2016281737   t2   ans2   Yes
[2017-04-11 05:43:36]   2016281737   t2   ans   No
[2017-04-11 05:46:12]   2016210600   t1   ans1   Yes
[2017-04-11 05:46:19]   2016210601   t1   ans1   Yes
